<?xml version="1.0" encoding="UTF-8"?>
<testng-results ignored="0" total="4" passed="4" failed="0" skipped="0">
  <reporter-output>
  </reporter-output>
  <suite started-at="2026-03-24T07:30:34 PDT" name="Suite" finished-at="2026-03-24T07:31:06 PDT" duration-ms="32416">
    <groups>
    </groups>
    <test started-at="2026-03-24T07:30:34 PDT" name="Test" finished-at="2026-03-24T07:31:06 PDT" duration-ms="32416">
      <class name="tests.LoginTest">
        <test-method is-config="true" signature="setUpReport()[pri:0, instance:tests.LoginTest@1e66f1f5]" started-at="2026-03-24T07:30:34 PDT" name="setUpReport" finished-at="2026-03-24T07:30:34 PDT" duration-ms="184" status="PASS">
          <reporter-output>
          </reporter-output>
        </test-method> <!-- setUpReport -->
        <test-method is-config="true" signature="setUp(java.lang.reflect.Method)[pri:0, instance:tests.LoginTest@1e66f1f5]" started-at="2026-03-24T07:30:34 PDT" name="setUp" finished-at="2026-03-24T07:30:36 PDT" duration-ms="2409" status="PASS">
          <params>
            <param index="0">
              <value>
                <![CDATA[public void tests.LoginTest.testValidLogin()]]>
              </value>
            </param>
          </params>
          <reporter-output>
          </reporter-output>
        </test-method> <!-- setUp -->
        <test-method signature="testValidLogin()[pri:0, instance:tests.LoginTest@1e66f1f5]" started-at="2026-03-24T07:30:36 PDT" name="testValidLogin" finished-at="2026-03-24T07:30:37 PDT" duration-ms="687" status="PASS">
          <reporter-output>
          </reporter-output>
        </test-method> <!-- testValidLogin -->
        <test-method is-config="true" signature="afterMethod()[pri:0, instance:tests.LoginTest@1e66f1f5]" started-at="2026-03-24T07:30:37 PDT" name="afterMethod" finished-at="2026-03-24T07:30:37 PDT" duration-ms="268" status="PASS">
          <reporter-output>
          </reporter-output>
        </test-method> <!-- afterMethod -->
        <test-method is-config="true" signature="tearDownMethod(org.testng.ITestResult)[pri:0, instance:tests.LoginTest@1e66f1f5]" started-at="2026-03-24T07:30:37 PDT" name="tearDownMethod" finished-at="2026-03-24T07:30:37 PDT" duration-ms="2" status="PASS">
          <params>
            <param index="0">
              <value>
                <![CDATA[[TestResult name=testValidLogin status=SUCCESS method=LoginTest.testValidLogin()[pri:0, instance:tests.LoginTest@1e66f1f5] output={null}]]]>
              </value>
            </param>
          </params>
          <reporter-output>
          </reporter-output>
        </test-method> <!-- tearDownMethod -->
        <test-method is-config="true" signature="flushReport()[pri:0, instance:tests.LoginTest@1e66f1f5]" started-at="2026-03-24T07:31:06 PDT" name="flushReport" finished-at="2026-03-24T07:31:07 PDT" duration-ms="383" status="PASS">
          <reporter-output>
          </reporter-output>
        </test-method> <!-- flushReport -->
        <test-method is-config="true" signature="tearDownSuite()[pri:0, instance:tests.LoginTest@1e66f1f5]" started-at="2026-03-24T07:31:07 PDT" name="tearDownSuite" finished-at="2026-03-24T07:31:07 PDT" duration-ms="0" status="PASS">
          <reporter-output>
          </reporter-output>
        </test-method> <!-- tearDownSuite -->
      </class> <!-- tests.LoginTest -->
      <class name="tests.AccountsTest">
        <test-method is-config="true" signature="setUp(java.lang.reflect.Method)[pri:0, instance:tests.AccountsTest@26b3fd41]" started-at="2026-03-24T07:30:40 PDT" name="setUp" finished-at="2026-03-24T07:30:42 PDT" duration-ms="1677" status="PASS">
          <params>
            <param index="0">
              <value>
                <![CDATA[public void tests.AccountsTest.verifyAccountPage()]]>
              </value>
            </param>
          </params>
          <reporter-output>
          </reporter-output>
        </test-method> <!-- setUp -->
        <test-method signature="verifyAccountPage()[pri:0, instance:tests.AccountsTest@26b3fd41]" started-at="2026-03-24T07:30:42 PDT" name="verifyAccountPage" finished-at="2026-03-24T07:30:53 PDT" duration-ms="11215" status="PASS">
          <reporter-output>
          </reporter-output>
        </test-method> <!-- verifyAccountPage -->
        <test-method is-config="true" signature="afterMethod()[pri:0, instance:tests.AccountsTest@26b3fd41]" started-at="2026-03-24T07:30:53 PDT" name="afterMethod" finished-at="2026-03-24T07:30:53 PDT" duration-ms="375" status="PASS">
          <reporter-output>
          </reporter-output>
        </test-method> <!-- afterMethod -->
        <test-method is-config="true" signature="tearDownMethod(org.testng.ITestResult)[pri:0, instance:tests.AccountsTest@26b3fd41]" started-at="2026-03-24T07:30:53 PDT" name="tearDownMethod" finished-at="2026-03-24T07:30:53 PDT" duration-ms="1" status="PASS">
          <params>
            <param index="0">
              <value>
                <![CDATA[[TestResult name=verifyAccountPage status=SUCCESS method=AccountsTest.verifyAccountPage()[pri:0, instance:tests.AccountsTest@26b3fd41] output={null}]]]>
              </value>
            </param>
          </params>
          <reporter-output>
          </reporter-output>
        </test-method> <!-- tearDownMethod -->
      </class> <!-- tests.AccountsTest -->
      <class name="tests.TransactionsTest">
        <test-method is-config="true" signature="setUp(java.lang.reflect.Method)[pri:0, instance:tests.TransactionsTest@7494f96a]" started-at="2026-03-24T07:30:53 PDT" name="setUp" finished-at="2026-03-24T07:30:55 PDT" duration-ms="1770" status="PASS">
          <params>
            <param index="0">
              <value>
                <![CDATA[public void tests.TransactionsTest.verifyTransactionDetails()]]>
              </value>
            </param>
          </params>
          <reporter-output>
          </reporter-output>
        </test-method> <!-- setUp -->
        <test-method signature="verifyTransactionDetails()[pri:0, instance:tests.TransactionsTest@7494f96a]" started-at="2026-03-24T07:30:55 PDT" name="verifyTransactionDetails" finished-at="2026-03-24T07:31:06 PDT" duration-ms="10886" status="PASS">
          <reporter-output>
          </reporter-output>
        </test-method> <!-- verifyTransactionDetails -->
        <test-method is-config="true" signature="afterMethod()[pri:0, instance:tests.TransactionsTest@7494f96a]" started-at="2026-03-24T07:31:06 PDT" name="afterMethod" finished-at="2026-03-24T07:31:06 PDT" duration-ms="371" status="PASS">
          <reporter-output>
          </reporter-output>
        </test-method> <!-- afterMethod -->
        <test-method is-config="true" signature="tearDownMethod(org.testng.ITestResult)[pri:0, instance:tests.TransactionsTest@7494f96a]" started-at="2026-03-24T07:31:06 PDT" name="tearDownMethod" finished-at="2026-03-24T07:31:06 PDT" duration-ms="0" status="PASS">
          <params>
            <param index="0">
              <value>
                <![CDATA[[TestResult name=verifyTransactionDetails status=SUCCESS method=TransactionsTest.verifyTransactionDetails()[pri:0, instance:tests.TransactionsTest@7494f96a] output={null}]]]>
              </value>
            </param>
          </params>
          <reporter-output>
          </reporter-output>
        </test-method> <!-- tearDownMethod -->
      </class> <!-- tests.TransactionsTest -->
      <class name="tests.DashboardTest">
        <test-method is-config="true" signature="setUp(java.lang.reflect.Method)[pri:0, instance:tests.DashboardTest@192c3f1e]" started-at="2026-03-24T07:30:37 PDT" name="setUp" finished-at="2026-03-24T07:30:39 PDT" duration-ms="1746" status="PASS">
          <params>
            <param index="0">
              <value>
                <![CDATA[public void tests.DashboardTest.verifyDashboardDetails()]]>
              </value>
            </param>
          </params>
          <reporter-output>
          </reporter-output>
        </test-method> <!-- setUp -->
        <test-method signature="verifyDashboardDetails()[pri:0, instance:tests.DashboardTest@192c3f1e]" started-at="2026-03-24T07:30:39 PDT" name="verifyDashboardDetails" finished-at="2026-03-24T07:30:40 PDT" duration-ms="950" status="PASS">
          <reporter-output>
          </reporter-output>
        </test-method> <!-- verifyDashboardDetails -->
        <test-method is-config="true" signature="tearDownMethod(org.testng.ITestResult)[pri:0, instance:tests.DashboardTest@192c3f1e]" started-at="2026-03-24T07:30:40 PDT" name="tearDownMethod" finished-at="2026-03-24T07:30:40 PDT" duration-ms="1" status="PASS">
          <params>
            <param index="0">
              <value>
                <![CDATA[[TestResult name=verifyDashboardDetails status=SUCCESS method=DashboardTest.verifyDashboardDetails()[pri:0, instance:tests.DashboardTest@192c3f1e] output={null}]]]>
              </value>
            </param>
          </params>
          <reporter-output>
          </reporter-output>
        </test-method> <!-- tearDownMethod -->
      </class> <!-- tests.DashboardTest -->
    </test> <!-- Test -->
  </suite> <!-- Suite -->
</testng-results>
